<?xml version="1.0" encoding="UTF-8"?>
<!-- Generated by org.testng.reporters.JUnitXMLReporter -->
<testsuite hostname="KL3ARASLP6R02WI" name="Test-method test" tests="2" failures="0" timestamp="4 Dec 2017 06:37:26 GMT" time="0.033" errors="0">
  <testcase name="testMethodsTwo" time="0.004" classname="com.howtodoinjava.parallelism.ParallelMethodTest"/>
  <testcase name="testMethodsOne" time="0.005" classname="com.howtodoinjava.parallelism.ParallelMethodTest"/>
</testsuite> <!-- Test-method test -->
