<?xml version="1.0" encoding="UTF-8"?>
<!-- Generated by org.testng.reporters.JUnitReportReporter -->
<testsuite hostname="KL3ARASLP6R02WI" name="com.howtodoinjava.parallelism.ParallelMethodTest" tests="2" failures="0" timestamp="4 Dec 2017 06:37:26 GMT" time="0.026" errors="0">
  <testcase name="testMethodsOne" time="0.013" classname="com.howtodoinjava.parallelism.ParallelMethodTest"/>
  <testcase name="testMethodsTwo" time="0.013" classname="com.howtodoinjava.parallelism.ParallelMethodTest"/>
</testsuite> <!-- com.howtodoinjava.parallelism.ParallelMethodTest -->
